<?xml version="1.0" encoding="UTF-8"?>
<testsuite xmlns:xsi="http://www.w3.org/2001/XMLSchema-instance" xsi:noNamespaceSchemaLocation="https://maven.apache.org/surefire/maven-surefire-plugin/xsd/surefire-test-report.xsd" name="com.ua.integrity.nonarquillian.InMemoryH2Test" time="6.504" tests="2" errors="0" skipped="0" failures="0">
  <properties>
[...]
</properties>
  <testcase name="testParsingAndDeployment" classname="com.ua.integrity.nonarquillian.InMemoryH2Test" time="1.138"/>
  <testcase name="testHappyPath" classname="com.ua.integrity.nonarquillian.InMemoryH2Test" time="0.189"/>
</testsuite>